multiprocessing.pool.RemoteTraceback: 
"""
Traceback (most recent call last):
  File "/home/erfan/anaconda3/lib/python3.10/multiprocessing/pool.py", line 125, in worker
    result = (True, func(*args, **kwds))
  File "/home/erfan/anaconda3/lib/python3.10/multiprocessing/pool.py", line 51, in starmapstar
    return list(itertools.starmap(args[0], args[1]))
  File "/home/erfan/puzzlesdata/SRC/clusterPositionalVector.py", line 755, in process_puzzle
    _, _ = do_cluster(puzzles=[puzzles],
  File "/home/erfan/puzzlesdata/SRC/clusterPositionalVector.py", line 688, in do_cluster
    dendrogram(Z, labels=ids, ax=ax1, leaf_font_size=10 )
  File "/home/erfan/anaconda3/lib/python3.10/site-packages/scipy/cluster/hierarchy.py", line 3305, in dendrogram
    raise ValueError("Dimensions of Z and labels must be consistent.")
ValueError: Dimensions of Z and labels must be consistent.
"""

The above exception was the direct cause of the following exception:

Traceback (most recent call last):
  File "/home/erfan/puzzlesdata/SRC/clusterPositionalVector.py", line 776, in <module>
    pool.starmap(process_puzzle, arguments)
  File "/home/erfan/anaconda3/lib/python3.10/multiprocessing/pool.py", line 375, in starmap
    return self._map_async(func, iterable, starmapstar, chunksize).get()
  File "/home/erfan/anaconda3/lib/python3.10/multiprocessing/pool.py", line 774, in get
    raise self._value
ValueError: Dimensions of Z and labels must be consistent.
evaluation_puzzle2.png saved
--- Puzzle 2 ---
--- 4776.398679971695 seconds ---
preprocessing: False
Number of clusters: 4
Softdtw score: True
Ignore unattached ego: True
Log scale: True
Preprocessing: False
Manual number of clusters: False
Ignore ego visualization: True
evaluation_puzzle23.png saved
evaluation_puzzle5.png saved
--- Puzzle 5 ---
--- 7633.327253103256 seconds ---
preprocessing: False
Number of clusters: 6
Softdtw score: True
Ignore unattached ego: True
Log scale: True
Preprocessing: False
Manual number of clusters: False
Ignore ego visualization: True
computing distance matrix based on normalized softdtw score with numpy backend for puzzle 24
end of distance computation
evaluation_puzzle24.png saved
--- Puzzle 24 ---
--- 24443.90602207184 seconds ---
preprocessing: True
median total time: 40.41
MAD: 12.349999999999998
Removed 7 outliers time and ids
['44_1_24_0', '65_1_24_0', '70_2_24_0', '56_2_24_0', '51_2_24_0', '54_1_24_0', '69_2_24_0']
[159.55, 117.45, 176.23, 105.26, 186.95, 112.75, 111.4]
Number of clusters: 8
Softdtw score: True
Ignore unattached ego: True
Log scale: True
Preprocessing: True
Manual number of clusters: False
Ignore ego visualization: True
evaluation_puzzle3.png saved
--- Puzzle 3 ---
--- 3223.392174243927 seconds ---
preprocessing: False
Number of clusters: 4
Softdtw score: True
Ignore unattached ego: True
Log scale: True
Preprocessing: False
Manual number of clusters: False
Ignore ego visualization: True
computing distance matrix based on normalized softdtw score with numpy backend for puzzle 22
end of distance computation
evaluation_puzzle22.png saved
--- Puzzle 22 ---
--- 9775.98566198349 seconds ---
preprocessing: True
median total time: 28.23
MAD: 6.330000000000002
Removed 6 outliers time and ids
['41_1_22_0', '57_2_22_0', '61_2_22_0', '56_2_22_0', '52_1_22_0']
[123.85, 68.98, 86.05, 60.28, 66.2, 62.6]
Number of clusters: 9
Softdtw score: True
Ignore unattached ego: True
Log scale: True
Preprocessing: True
Manual number of clusters: False
Ignore ego visualization: True
computing distance matrix based on normalized softdtw score with numpy backend for puzzle 26
end of distance computation
evaluation_puzzle26.png saved
--- Puzzle 26 ---
--- 25104.28386116028 seconds ---
preprocessing: True
median total time: 36.2
MAD: 8.93
Removed 6 outliers time and ids
['38_1_26_0', '33_1_26_0', '65_1_26_0', '67_1_26_0', '58_1_26_0', '65_2_26_0']
[117.55, 89.23, 119.11, 84.95, 83.19, 94.62]
Number of clusters: 4
Softdtw score: True
Ignore unattached ego: True
Log scale: True
Preprocessing: True
Manual number of clusters: False
Ignore ego visualization: True
evaluation_puzzle2.png saved
--- Puzzle 2 ---
--- 1990.3566329479218 seconds ---
preprocessing: True
median total time: 10.97
MAD: 3.8200000000000003
Removed 2 outliers time and ids
['45_1_2_0', '68_2_2_0']
[64.09, 32.85]
Number of clusters: 3
Softdtw score: True
Ignore unattached ego: True
Log scale: True
Preprocessing: True
Manual number of clusters: False
Ignore ego visualization: True
evaluation_puzzle6.png saved
--- Puzzle 6 ---
--- 5856.890871524811 seconds ---
preprocessing: False
Number of clusters: 6
Softdtw score: True
Ignore unattached ego: True
Log scale: True
Preprocessing: False
Manual number of clusters: False
Ignore ego visualization: True
computing distance matrix based on normalized softdtw score with numpy backend for puzzle 25
end of distance computation
evaluation_puzzle25.png saved
--- Puzzle 25 ---
--- 25966.472831487656 seconds ---
preprocessing: True
median total time: 41.685
MAD: 11.710000000000003
Removed 3 outliers time and ids
['55_2_25_0']
[286.69, 242.96, 133.95]
Number of clusters: 6
Softdtw score: True
Ignore unattached ego: True
Log scale: True
Preprocessing: True
Manual number of clusters: False
Ignore ego visualization: True
computing distance matrix based on normalized softdtw score with numpy backend for puzzle 5
end of distance computation
evaluation_puzzle5.png saved
--- Puzzle 5 ---
--- 4046.684103012085 seconds ---
preprocessing: True
median total time: 15.26
MAD: 4.26
Removed 2 outliers time and ids
['64_1_5_0', '56_2_5_0']
[54.35, 44.84]
Number of clusters: 6
Softdtw score: True
Ignore unattached ego: True
Log scale: True
Preprocessing: True
Manual number of clusters: False
Ignore ego visualization: True
evaluation_puzzle22.png saved
computing distance matrix based on normalized softdtw score with numpy backend for puzzle 26
end of distance computation
evaluation_puzzle26.png saved
--- Puzzle 26 ---
--- 33264.1516289711 seconds ---
preprocessing: False
Number of clusters: 6
Softdtw score: True
Ignore unattached ego: True
Log scale: True
Preprocessing: False
Manual number of clusters: False
Ignore ego visualization: True
evaluation_puzzle1.png saved
--- Puzzle 1 ---
--- 1203.7192463874817 seconds ---
preprocessing: True
median total time: 10.27
MAD: 2.4499999999999993
Removed 3 outliers time and ids
['57_2_1_0', '59_2_1_0']
[22.95, 28.0, 43.3]
Number of clusters: 8
Softdtw score: True
Ignore unattached ego: True
Log scale: True
Preprocessing: True
Manual number of clusters: False
Ignore ego visualization: True
computing distance matrix based on normalized softdtw score with numpy backend for puzzle 6
end of distance computation
evaluation_puzzle6.png saved
--- Puzzle 6 ---
--- 2926.0249004364014 seconds ---
preprocessing: True
median total time: 14.815
MAD: 3.919999999999999
Removed 4 outliers time and ids
['62_1_6_0', '62_2_6_0', '67_1_6_0']
[46.59, 46.79, 45.28, 36.15]
Number of clusters: 3
Softdtw score: True
Ignore unattached ego: True
Log scale: True
Preprocessing: True
Manual number of clusters: False
Ignore ego visualization: True
computing distance matrix based on normalized softdtw score with numpy backend for puzzle 23
end of distance computation
evaluation_puzzle23.png saved
--- Puzzle 23 ---
--- 5070.922287464142 seconds ---
preprocessing: True
median total time: 22.380000000000003
MAD: 5.23
Removed 6 outliers time and ids
['45_2_23_0', '70_2_23_0', '68_1_23_0', '60_1_23_0', '58_1_23_0', '55_1_23_0']
[70.81, 53.46, 100.6, 69.04, 54.39, 177.56]
Number of clusters: 3
Softdtw score: True
Ignore unattached ego: True
Log scale: True
Preprocessing: True
Manual number of clusters: False
Ignore ego visualization: True
computing distance matrix based on normalized softdtw score with numpy backend for puzzle 25
end of distance computation
evaluation_puzzle25.png saved
--- Puzzle 25 ---
--- 40958.194167137146 seconds ---
preprocessing: False
Number of clusters: 3
Softdtw score: True
Ignore unattached ego: True
Log scale: True
Preprocessing: False
Manual number of clusters: False
Ignore ego visualization: True
computing distance matrix based on normalized softdtw score with numpy backend for puzzle 4
end of distance computation
evaluation_puzzle4.png saved
--- Puzzle 4 ---
--- 7755.555026292801 seconds ---
preprocessing: True
median total time: 24.425
MAD: 7.825000000000001
Removed 7 outliers time and ids
['36_1_4_0', '37_1_4_1', '42_2_4_0', '52_1_4_0', '66_2_4_0', '56_1_4_0', '70_2_4_0']
[69.43, 72.28, 85.71, 72.08, 67.06, 120.96, 65.47]
Number of clusters: 3
Softdtw score: True
Ignore unattached ego: True
Log scale: True
Preprocessing: True
Manual number of clusters: False
Ignore ego visualization: True
computing distance matrix based on normalized softdtw score with numpy backend for puzzle 24
end of distance computation
evaluation_puzzle24.png saved
--- Puzzle 24 ---
--- 68200.38425183296 seconds ---
preprocessing: False
Number of clusters: 3
Softdtw score: True
Ignore unattached ego: True
Log scale: True
Preprocessing: False
Manual number of clusters: False
Ignore ego visualization: True
evaluation_puzzle3.png saved
--- Puzzle 3 ---
--- 3127.6611585617065 seconds ---
preprocessing: True
median total time: 19.67
MAD: 4.990000000000002
Removed 1 outliers time and ids
['66_1_3_0']
[52.77]
Number of clusters: 3
Softdtw score: True
Ignore unattached ego: True
Log scale: True
Preprocessing: True
Manual number of clusters: False
Ignore ego visualization: True
evaluation_puzzle21.png saved
--- Puzzle 21 ---
--- 73676.40982723236 seconds ---
preprocessing: False
Number of clusters: 3
Softdtw score: True
Ignore unattached ego: True
Log scale: True
Preprocessing: False
Manual number of clusters: False
Ignore ego visualization: True
evaluation_puzzle1.png saved
computing distance matrix based on normalized softdtw score with numpy backend for puzzle 21
end of distance computation
evaluation_puzzle21.png saved
--- Puzzle 21 ---
--- 42572.3888669014 seconds ---
preprocessing: True
median total time: 41.24
MAD: 14.170000000000002
Removed 4 outliers time and ids
['46_1_21_0', '58_1_21_0', '67_2_21_0', '63_1_21_1']
[172.3, 115.54, 160.68, 133.85]
Number of clusters: 3
Softdtw score: True
Ignore unattached ego: True
Log scale: True
Preprocessing: True
Manual number of clusters: False
Ignore ego visualization: True
evaluation_puzzle4.png saved
--- Puzzle 4 ---
--- 16793.36137199402 seconds ---
preprocessing: False
Number of clusters: 4
Softdtw score: True
Ignore unattached ego: True
Log scale: True
Preprocessing: False
Manual number of clusters: False
Ignore ego visualization: True
Exception ignored in: <function Pool.__del__ at 0x7faa7962a560>
Traceback (most recent call last):
  File "/home/erfan/anaconda3/lib/python3.10/multiprocessing/pool.py", line 271, in __del__
  File "/home/erfan/anaconda3/lib/python3.10/multiprocessing/queues.py", line 371, in put
AttributeError: 'NoneType' object has no attribute 'dumps'
